Determining if the include file sys/endian.h exists failed with the following output:
Change Dir: /home/tanmeet/Desktop/cs446/nautilus/libvnc/build/CMakeFiles/CMakeTmp

Run Build Command(s):/usr/bin/gmake -f Makefile cmTC_feb72/fast && /usr/bin/gmake  -f CMakeFiles/cmTC_feb72.dir/build.make CMakeFiles/cmTC_feb72.dir/build
gmake[1]: Entering directory '/home/tanmeet/Desktop/cs446/nautilus/libvnc/build/CMakeFiles/CMakeTmp'
Building C object CMakeFiles/cmTC_feb72.dir/CheckIncludeFile.c.o
/usr/bin/cc    -o CMakeFiles/cmTC_feb72.dir/CheckIncludeFile.c.o -c /home/tanmeet/Desktop/cs446/nautilus/libvnc/build/CMakeFiles/CMakeTmp/CheckIncludeFile.c
/home/tanmeet/Desktop/cs446/nautilus/libvnc/build/CMakeFiles/CMakeTmp/CheckIncludeFile.c:1:10: fatal error: sys/endian.h: No such file or directory
    1 | #include <sys/endian.h>
      |          ^~~~~~~~~~~~~~
compilation terminated.
gmake[1]: *** [CMakeFiles/cmTC_feb72.dir/build.make:78: CMakeFiles/cmTC_feb72.dir/CheckIncludeFile.c.o] Error 1
gmake[1]: Leaving directory '/home/tanmeet/Desktop/cs446/nautilus/libvnc/build/CMakeFiles/CMakeTmp'
gmake: *** [Makefile:127: cmTC_feb72/fast] Error 2



Determining if the include file vfork.h exists failed with the following output:
Change Dir: /home/tanmeet/Desktop/cs446/nautilus/libvnc/build/CMakeFiles/CMakeTmp

Run Build Command(s):/usr/bin/gmake -f Makefile cmTC_bdaf0/fast && /usr/bin/gmake  -f CMakeFiles/cmTC_bdaf0.dir/build.make CMakeFiles/cmTC_bdaf0.dir/build
gmake[1]: Entering directory '/home/tanmeet/Desktop/cs446/nautilus/libvnc/build/CMakeFiles/CMakeTmp'
Building C object CMakeFiles/cmTC_bdaf0.dir/CheckIncludeFile.c.o
/usr/bin/cc    -o CMakeFiles/cmTC_bdaf0.dir/CheckIncludeFile.c.o -c /home/tanmeet/Desktop/cs446/nautilus/libvnc/build/CMakeFiles/CMakeTmp/CheckIncludeFile.c
/home/tanmeet/Desktop/cs446/nautilus/libvnc/build/CMakeFiles/CMakeTmp/CheckIncludeFile.c:1:10: fatal error: vfork.h: No such file or directory
    1 | #include <vfork.h>
      |          ^~~~~~~~~
compilation terminated.
gmake[1]: *** [CMakeFiles/cmTC_bdaf0.dir/build.make:78: CMakeFiles/cmTC_bdaf0.dir/CheckIncludeFile.c.o] Error 1
gmake[1]: Leaving directory '/home/tanmeet/Desktop/cs446/nautilus/libvnc/build/CMakeFiles/CMakeTmp'
gmake: *** [Makefile:127: cmTC_bdaf0/fast] Error 2



Determining if the include file ws2tcpip.h exists failed with the following output:
Change Dir: /home/tanmeet/Desktop/cs446/nautilus/libvnc/build/CMakeFiles/CMakeTmp

Run Build Command(s):/usr/bin/gmake -f Makefile cmTC_d9aac/fast && /usr/bin/gmake  -f CMakeFiles/cmTC_d9aac.dir/build.make CMakeFiles/cmTC_d9aac.dir/build
gmake[1]: Entering directory '/home/tanmeet/Desktop/cs446/nautilus/libvnc/build/CMakeFiles/CMakeTmp'
Building C object CMakeFiles/cmTC_d9aac.dir/CheckIncludeFile.c.o
/usr/bin/cc    -o CMakeFiles/cmTC_d9aac.dir/CheckIncludeFile.c.o -c /home/tanmeet/Desktop/cs446/nautilus/libvnc/build/CMakeFiles/CMakeTmp/CheckIncludeFile.c
/home/tanmeet/Desktop/cs446/nautilus/libvnc/build/CMakeFiles/CMakeTmp/CheckIncludeFile.c:1:10: fatal error: ws2tcpip.h: No such file or directory
    1 | #include <ws2tcpip.h>
      |          ^~~~~~~~~~~~
compilation terminated.
gmake[1]: *** [CMakeFiles/cmTC_d9aac.dir/build.make:78: CMakeFiles/cmTC_d9aac.dir/CheckIncludeFile.c.o] Error 1
gmake[1]: Leaving directory '/home/tanmeet/Desktop/cs446/nautilus/libvnc/build/CMakeFiles/CMakeTmp'
gmake: *** [Makefile:127: cmTC_d9aac/fast] Error 2



Determining if the OSSwapHostToBigInt64 exist failed with the following output:
Change Dir: /home/tanmeet/Desktop/cs446/nautilus/libvnc/build/CMakeFiles/CMakeTmp

Run Build Command(s):/usr/bin/gmake -f Makefile cmTC_faae1/fast && /usr/bin/gmake  -f CMakeFiles/cmTC_faae1.dir/build.make CMakeFiles/cmTC_faae1.dir/build
gmake[1]: Entering directory '/home/tanmeet/Desktop/cs446/nautilus/libvnc/build/CMakeFiles/CMakeTmp'
Building C object CMakeFiles/cmTC_faae1.dir/CheckSymbolExists.c.o
/usr/bin/cc    -o CMakeFiles/cmTC_faae1.dir/CheckSymbolExists.c.o -c /home/tanmeet/Desktop/cs446/nautilus/libvnc/build/CMakeFiles/CMakeTmp/CheckSymbolExists.c
/home/tanmeet/Desktop/cs446/nautilus/libvnc/build/CMakeFiles/CMakeTmp/CheckSymbolExists.c:2:10: fatal error: libkern/OSByteOrder.h: No such file or directory
    2 | #include <libkern/OSByteOrder.h>
      |          ^~~~~~~~~~~~~~~~~~~~~~~
compilation terminated.
gmake[1]: *** [CMakeFiles/cmTC_faae1.dir/build.make:78: CMakeFiles/cmTC_faae1.dir/CheckSymbolExists.c.o] Error 1
gmake[1]: Leaving directory '/home/tanmeet/Desktop/cs446/nautilus/libvnc/build/CMakeFiles/CMakeTmp'
gmake: *** [Makefile:127: cmTC_faae1/fast] Error 2


File /home/tanmeet/Desktop/cs446/nautilus/libvnc/build/CMakeFiles/CMakeTmp/CheckSymbolExists.c:
/* */
#include <libkern/OSByteOrder.h>

int main(int argc, char** argv)
{
  (void)argv;
#ifndef OSSwapHostToBigInt64
  return ((int*)(&OSSwapHostToBigInt64))[argc];
#else
  (void)argc;
  return 0;
#endif
}
